<?xml version="1.0" encoding="UTF-8"?>
<!-- Generated by org.testng.reporters.JUnitReportReporter -->
<testsuite hostname="DESKTOP-2S7HFKC" failures="0" tests="3" name="com.lbrce.devops.UserValidationTest" time="0.017" errors="0" timestamp="2023-10-27T14:34:55 IST" skipped="0">
  <testcase classname="com.lbrce.devops.UserValidationTest" name="UserValidationTest2" time="0.001"/>
  <system-out/>
  <testcase classname="com.lbrce.devops.UserValidationTest" name="UserValidationTest3" time="0.000"/>
  <system-out/>
  <testcase classname="com.lbrce.devops.UserValidationTest" name="UserValidationTest1" time="0.016"/>
  <system-out/>
</testsuite> <!-- com.lbrce.devops.UserValidationTest -->
